FILE_TYPE=LIBRARY_PARTS;
PRIMITIVE 'MA5172_AE','MA5172_AE_Other';
  PIN
    '1':
      PIN_NUMBER='(1)';
      NO_LOAD_CHECK=BOTH;
      NO_IO_CHECK=BOTH;
      ALLOW_CONNECT=TRUE;
      PINUSE='UNSPEC';
    '2':
      PIN_NUMBER='(2)';
      NO_LOAD_CHECK=BOTH;
      NO_IO_CHECK=BOTH;
      ALLOW_CONNECT=TRUE;
      PINUSE='UNSPEC';
  END_PIN;
  BODY
    PART_NAME='MA5172_AE';
    PHYS_DES_PREFIX='L';
    NO_LOAD_CHECK='TRUE';
    PIN_COUNT='2';
    BODY_NAME='MA5172_AE';
    JEDEC_TYPE='MA5172AE';
  END_BODY;
END_PRIMITIVE;
END.
