FILE_TYPE=LIBRARY_PARTS;
PRIMITIVE 'ASDMB_24.576MHZ_LY_T','ASDMB_24.576MHZ_LY_T_Other';
  PIN
    'STANDBY':
      PIN_NUMBER='(1)';
      NO_LOAD_CHECK=BOTH;
      NO_IO_CHECK=BOTH;
      ALLOW_CONNECT=TRUE;
      PINUSE='UNSPEC';
    'GND':
      PIN_NUMBER='(2)';
      NO_LOAD_CHECK=BOTH;
      NO_IO_CHECK=BOTH;
      ALLOW_CONNECT=TRUE;
      PINUSE='UNSPEC';
    'OUTPUT':
      PIN_NUMBER='(3)';
      NO_LOAD_CHECK=BOTH;
      NO_IO_CHECK=BOTH;
      ALLOW_CONNECT=TRUE;
      PINUSE='UNSPEC';
    'VDD':
      PIN_NUMBER='(4)';
      NO_LOAD_CHECK=BOTH;
      NO_IO_CHECK=BOTH;
      ALLOW_CONNECT=TRUE;
      PINUSE='UNSPEC';
  END_PIN;
  BODY
    PART_NAME='ASDMB_24.576MHZ_LY_T';
    PHYS_DES_PREFIX='Y';
    NO_LOAD_CHECK='TRUE';
    PIN_COUNT='4';
    BODY_NAME='ASDMB_24.576MHZ_LY_T';
    JEDEC_TYPE='AbraconASDMB';
  END_BODY;
END_PRIMITIVE;
END.
