FILE_TYPE=LIBRARY_PARTS;
PRIMITIVE 'B57153S0330M000','B57153S0330M000_Other';
  PIN
    '1':
      PIN_NUMBER='(1)';
      NO_LOAD_CHECK=BOTH;
      NO_IO_CHECK=BOTH;
      ALLOW_CONNECT=TRUE;
      PINUSE='UNSPEC';
    '2':
      PIN_NUMBER='(2)';
      NO_LOAD_CHECK=BOTH;
      NO_IO_CHECK=BOTH;
      ALLOW_CONNECT=TRUE;
      PINUSE='UNSPEC';
  END_PIN;
  BODY
    PART_NAME='B57153S0330M000';
    PHYS_DES_PREFIX='RT';
    NO_LOAD_CHECK='TRUE';
    PIN_COUNT='2';
    BODY_NAME='B57153S0330M000';
    JEDEC_TYPE='B57153S0***M0**';
  END_BODY;
END_PRIMITIVE;
END.
